ocr_ui/build/outputs/logs/manifest-merger-debug-report.txt
-- Merging decision tree log ---
manifest
ADDED from src\main\AndroidManifest.xml:4:1-29:12
INJECTED from src\main\AndroidManifest.xml:4:1-29:12
INJECTED from src\main\AndroidManifest.xml:4:1-29:12
INJECTED from src\main\AndroidManifest.xml:4:1-29:12
INJECTED from src\main\AndroidManifest.xml:4:1-29:12
INJECTED from src\main\AndroidManifest.xml:4:1-29:12
INJECTED from src\main\AndroidManifest.xml:4:1-29:12
	package
		ADDED from src\main\AndroidManifest.xml:6:5-31
		INJECTED from src\main\AndroidManifest.xml
		INJECTED from src\main\AndroidManifest.xml
	android:versionName
		INJECTED from src\main\AndroidManifest.xml
		ADDED from src\main\AndroidManifest.xml:4:1-29:12
		INJECTED from src\main\AndroidManifest.xml
	xmlns:tools
		ADDED from src\main\AndroidManifest.xml:5:5-51
	android:versionCode
		INJECTED from src\main\AndroidManifest.xml
		ADDED from src\main\AndroidManifest.xml:4:1-29:12
		INJECTED from src\main\AndroidManifest.xml
	xmlns:android
		ADDED from src\main\AndroidManifest.xml:4:11-69
uses-permission#android.permission.CAMERA
ADDED from src\main\AndroidManifest.xml:8:5-64
	android:name
		ADDED from src\main\AndroidManifest.xml:8:22-62
uses-permission#android.permission.READ_EXTERNAL_STORAGE
ADDED from src\main\AndroidManifest.xml:9:5-79
	android:name
		ADDED from src\main\AndroidManifest.xml:9:22-77
uses-permission#android.permission.WRITE_EXTERNAL_STORAGE
ADDED from src\main\AndroidManifest.xml:10:5-80
	android:name
		ADDED from src\main\AndroidManifest.xml:10:22-78
uses-feature#android.hardware.camera2.full
ADDED from src\main\AndroidManifest.xml:11:5-65
	android:name
		ADDED from src\main\AndroidManifest.xml:11:19-63
uses-feature#android.hardware.camera
ADDED from src\main\AndroidManifest.xml:12:5-59
	android:name
		ADDED from src\main\AndroidManifest.xml:12:19-57
uses-feature#android.hardware.camera.autofocus
ADDED from src\main\AndroidManifest.xml:13:5-70
	android:name
		ADDED from src\main\AndroidManifest.xml:13:19-67
application
ADDED from src\main\AndroidManifest.xml:15:5-27:19
	android:supportsRtl
		ADDED from src\main\AndroidManifest.xml:18:18-44
	android:label
		ADDED from src\main\AndroidManifest.xml:16:18-50
	android:vmSafeMode
		ADDED from src\main\AndroidManifest.xml:19:18-43
	android:icon
		ADDED from src\main\AndroidManifest.xml:17:18-52
	android:allowBackup
		ADDED from src\main\AndroidManifest.xml:15:18-44
	android:theme
		ADDED from src\main\AndroidManifest.xml:20:18-49
activity#com.baidu.ocr.ui.camera.CameraActivity
ADDED from src\main\AndroidManifest.xml:22:9-25:43
	android:configChanges
		ADDED from src\main\AndroidManifest.xml:23:19-65
	tools:targetApi
		ADDED from src\main\AndroidManifest.xml:25:13-40
	android:theme
		ADDED from src\main\AndroidManifest.xml:24:19-83
	android:name
		ADDED from src\main\AndroidManifest.xml:22:19-72
uses-sdk
INJECTED from src\main\AndroidManifest.xml reason: use-sdk injection requested
INJECTED from src\main\AndroidManifest.xml
INJECTED from src\main\AndroidManifest.xml
INJECTED from src\main\AndroidManifest.xml
INJECTED from src\main\AndroidManifest.xml
	android:targetSdkVersion
		INJECTED from src\main\AndroidManifest.xml
		ADDED from src\main\AndroidManifest.xml
		INJECTED from src\main\AndroidManifest.xml
	android:minSdkVersion
		INJECTED from src\main\AndroidManifest.xml
		ADDED from src\main\AndroidManifest.xml
		INJECTED from src\main\AndroidManifest.xml